Using pre-set license
Built from '2020.3/staging' branch; Version is '2020.3.29f1 (2ff179115da0) revision 3142009'; Using compiler version '192528614'; Build Type 'Release'
OS: 'Windows 11  (10.0.22000) 64bit Core' Language: 'es' Physical Memory: 16171 MB
BatchMode: 1, IsHumanControllingUs: 0, StartBugReporterOnCrash: 0, Is64bit: 1, IsPro: 0

COMMAND LINE ARGUMENTS:
C:\Program Files\Unity\Hub\Editor\2020.3.29f1\Editor\Unity.exe
-adb2
-batchMode
-noUpm
-name
AssetImportWorker0
-projectPath
C:/Users/helmu/HelSoloCompu/Github/Prototype
-logFile
Logs/AssetImportWorker0.log
-srvPort
52534
Successfully changed project path to: C:/Users/helmu/HelSoloCompu/Github/Prototype
C:/Users/helmu/HelSoloCompu/Github/Prototype
Using Asset Import Pipeline V2.
Refreshing native plugins compatible for Editor in 53.46 ms, found 2 plugins.
Preloading 0 native plugins for Editor in 0.00 ms.
Initialize engine version: 2020.3.29f1 (2ff179115da0)
[Subsystems] Discovering subsystems at path C:/Program Files/Unity/Hub/Editor/2020.3.29f1/Editor/Data/Resources/UnitySubsystems
[Subsystems] Discovering subsystems at path C:/Users/helmu/HelSoloCompu/Github/Prototype/Assets
GfxDevice: creating device client; threaded=0
Direct3D:
    Version:  Direct3D 11.0 [level 11.1]
    Renderer: Radeon 535 Series (ID=0x6900)
    Vendor:   
    VRAM:     2038 MB
    Driver:   27.20.15002.118
Initialize mono
Mono path[0] = 'C:/Program Files/Unity/Hub/Editor/2020.3.29f1/Editor/Data/Managed'
Mono path[1] = 'C:/Program Files/Unity/Hub/Editor/2020.3.29f1/Editor/Data/MonoBleedingEdge/lib/mono/unityjit'
Mono config path = 'C:/Program Files/Unity/Hub/Editor/2020.3.29f1/Editor/Data/MonoBleedingEdge/etc'
Using monoOptions --debugger-agent=transport=dt_socket,embedding=1,server=y,suspend=n,address=127.0.0.1:56500
Begin MonoManager ReloadAssembly
Registering precompiled unity dll's ...
Register platform support module: C:/Program Files/Unity/Hub/Editor/2020.3.29f1/Editor/Data/PlaybackEngines/WindowsStandaloneSupport/UnityEditor.WindowsStandalone.Extensions.dll
Registered in 0.002836 seconds.
Native extension for WindowsStandalone target not found
Refreshing native plugins compatible for Editor in 81.02 ms, found 2 plugins.
Preloading 0 native plugins for Editor in 0.00 ms.
Mono: successfully reloaded assembly
- Completed reload, in  1.011 seconds
Domain Reload Profiling:
	ReloadAssembly (1012ms)
		BeginReloadAssembly (103ms)
			ExecutionOrderSort (0ms)
			DisableScriptedObjects (0ms)
			BackupInstance (0ms)
			ReleaseScriptingObjects (0ms)
			CreateAndSetChildDomain (1ms)
		EndReloadAssembly (799ms)
			LoadAssemblies (99ms)
			RebuildTransferFunctionScriptingTraits (0ms)
			SetupTypeCache (253ms)
			ReleaseScriptCaches (0ms)
			RebuildScriptCaches (62ms)
			SetupLoadedEditorAssemblies (326ms)
				LogAssemblyErrors (0ms)
				InitializePlatformSupportModulesInManaged (10ms)
				SetLoadedEditorAssemblies (0ms)
				RefreshPlugins (81ms)
				BeforeProcessingInitializeOnLoad (24ms)
				ProcessInitializeOnLoadAttributes (163ms)
				ProcessInitializeOnLoadMethodAttributes (47ms)
				AfterProcessingInitializeOnLoad (0ms)
				EditorAssembliesLoaded (0ms)
			ExecutionOrderSort2 (0ms)
			AwakeInstancesAfterBackupRestoration (0ms)
Platform modules already initialized, skipping
Registering precompiled user dll's ...
Registered in 0.004239 seconds.
Begin MonoManager ReloadAssembly
Native extension for WindowsStandalone target not found
Refreshing native plugins compatible for Editor in 0.46 ms, found 2 plugins.
Preloading 0 native plugins for Editor in 0.00 ms.
Mono: successfully reloaded assembly
- Completed reload, in  1.508 seconds
Domain Reload Profiling:
	ReloadAssembly (1509ms)
		BeginReloadAssembly (245ms)
			ExecutionOrderSort (0ms)
			DisableScriptedObjects (6ms)
			BackupInstance (0ms)
			ReleaseScriptingObjects (0ms)
			CreateAndSetChildDomain (31ms)
		EndReloadAssembly (1153ms)
			LoadAssemblies (194ms)
			RebuildTransferFunctionScriptingTraits (0ms)
			SetupTypeCache (400ms)
			ReleaseScriptCaches (1ms)
			RebuildScriptCaches (61ms)
			SetupLoadedEditorAssemblies (429ms)
				LogAssemblyErrors (0ms)
				InitializePlatformSupportModulesInManaged (4ms)
				SetLoadedEditorAssemblies (2ms)
				RefreshPlugins (1ms)
				BeforeProcessingInitializeOnLoad (113ms)
				ProcessInitializeOnLoadAttributes (293ms)
				ProcessInitializeOnLoadMethodAttributes (8ms)
				AfterProcessingInitializeOnLoad (7ms)
				EditorAssembliesLoaded (0ms)
			ExecutionOrderSort2 (0ms)
			AwakeInstancesAfterBackupRestoration (6ms)
Platform modules already initialized, skipping
========================================================================
Worker process is ready to serve import requests
Launched and connected shader compiler UnityShaderCompiler.exe after 0.08 seconds
Refreshing native plugins compatible for Editor in 0.68 ms, found 2 plugins.
Preloading 0 native plugins for Editor in 0.00 ms.
Unloading 2009 Unused Serialized files (Serialized files now loaded: 0)
System memory in use before: 108.0 MB.
System memory in use after: 108.1 MB.

Unloading 17 unused Assets to reduce memory usage. Loaded Objects now: 2462.
Total: 4.112500 ms (FindLiveObjects: 0.290900 ms CreateObjectMapping: 0.176500 ms MarkObjects: 3.488600 ms  DeleteObjects: 0.155200 ms)

AssetImportParameters requested are different than current active one (requested -> active):
  custom:framework-win-MediaFoundation: 216162199b28c13a410421893ffa2e32 -> 
  custom:video-decoder-ogg-theora: a1e56fd34408186e4bbccfd4996cb3dc -> 
  custom:container-muxer-webm: aa71ff27fc2769a1b78a27578f13a17b -> 
  custom:container-demuxer-webm: 4f35f7cbe854078d1ac9338744f61a02 -> 
  custom:container-demuxer-ogg: 62fdf1f143b41e24485cea50d1cbac27 -> 
  custom:video-encoder-webm-vp8: eb34c28f22e8b96e1ab97ce403110664 -> 
  custom:video-decoder-webm-vp8: 9c59270c3fd7afecdb556c50c9e8de78 -> 
  custom:audio-decoder-ogg-vorbis: bf7c407c2cedff20999df2af8eb42d56 -> 
  custom:audio-encoder-webm-vorbis: bf7c407c2cedff20999df2af8eb42d56 -> 
========================================================================
Received Import Request.
  path: Assets/Prefab/Import/Wall Shelf.fbx
  artifactKey: Guid(5aaf495b8704c2441bdfc93bbfc79fa4) Importer(815301076,1909f56bfc062723c751e8b465ee728b)
Start importing Assets/Prefab/Import/Wall Shelf.fbx using Guid(5aaf495b8704c2441bdfc93bbfc79fa4) Importer(815301076,1909f56bfc062723c751e8b465ee728b)  -> (artifact id: '2b1a6471155845070ebbb7ba8cd1b1a8') in 0.032768 seconds 
  Import took 0.036200 seconds .

========================================================================
Received Import Request.
  Time since last request: 0.000307 seconds.
  path: Assets/Prefab/Import/Bed.fbx
  artifactKey: Guid(5103f63e569f8944bb433db040f76808) Importer(815301076,1909f56bfc062723c751e8b465ee728b)
Start importing Assets/Prefab/Import/Bed.fbx using Guid(5103f63e569f8944bb433db040f76808) Importer(815301076,1909f56bfc062723c751e8b465ee728b)  -> (artifact id: 'fbe383a1f3a688d7633d6afaae353752') in 0.005176 seconds 
  Import took 0.009811 seconds .

========================================================================
Received Import Request.
  Time since last request: 0.000363 seconds.
  path: Assets/Prefab/Import/Cup1.fbx
  artifactKey: Guid(1c28e7cdac9dc164bac825cc06951158) Importer(815301076,1909f56bfc062723c751e8b465ee728b)
Start importing Assets/Prefab/Import/Cup1.fbx using Guid(1c28e7cdac9dc164bac825cc06951158) Importer(815301076,1909f56bfc062723c751e8b465ee728b)  -> (artifact id: 'e89e574bd3f7d332f41ef6ec086a2afd') in 0.006148 seconds 
  Import took 0.012426 seconds .

========================================================================
Received Import Request.
  Time since last request: 0.000567 seconds.
  path: Assets/Prefab/Import/Flashlamp.fbx
  artifactKey: Guid(81b7098c725490e498c76723e63beae5) Importer(815301076,1909f56bfc062723c751e8b465ee728b)
Start importing Assets/Prefab/Import/Flashlamp.fbx using Guid(81b7098c725490e498c76723e63beae5) Importer(815301076,1909f56bfc062723c751e8b465ee728b)  -> (artifact id: '7620352f3f981b63e61a146fd9391efc') in 0.005950 seconds 
  Import took 0.012421 seconds .

========================================================================
Received Import Request.
  Time since last request: 0.000328 seconds.
  path: Assets/Prefab/Import/Drawer3.fbx
  artifactKey: Guid(0934065dda4f6bd499467f4f2fa0cd5f) Importer(815301076,1909f56bfc062723c751e8b465ee728b)
Start importing Assets/Prefab/Import/Drawer3.fbx using Guid(0934065dda4f6bd499467f4f2fa0cd5f) Importer(815301076,1909f56bfc062723c751e8b465ee728b)  -> (artifact id: '0db2b1f14288eb61db40e2d6816efa51') in 0.005943 seconds 
  Import took 0.010323 seconds .

========================================================================
Received Import Request.
  Time since last request: 0.000317 seconds.
  path: Assets/Prefab/Import/centerTable_lo.fbx
  artifactKey: Guid(2ffdf954b24b8994f8a41565d2665303) Importer(815301076,1909f56bfc062723c751e8b465ee728b)
Start importing Assets/Prefab/Import/centerTable_lo.fbx using Guid(2ffdf954b24b8994f8a41565d2665303) Importer(815301076,1909f56bfc062723c751e8b465ee728b)  -> (artifact id: 'a498843c358de2455a214e02e7b010b3') in 0.009936 seconds 
  Import took 0.016815 seconds .

========================================================================
Received Import Request.
  Time since last request: 0.000254 seconds.
  path: Assets/Prefab/Import/Cup.fbx
  artifactKey: Guid(91317cc745e494842ad01668af720012) Importer(815301076,1909f56bfc062723c751e8b465ee728b)
Start importing Assets/Prefab/Import/Cup.fbx using Guid(91317cc745e494842ad01668af720012) Importer(815301076,1909f56bfc062723c751e8b465ee728b)  -> (artifact id: '65f6f3c41ea753e799c1a6ed93f3bf23') in 0.006511 seconds 
  Import took 0.013951 seconds .

========================================================================
Received Import Request.
  Time since last request: 0.000269 seconds.
  path: Assets/Prefab/Import/Office TypeWritter.fbx
  artifactKey: Guid(f78dc69b6bcad444bbbd2de3fc996c65) Importer(815301076,1909f56bfc062723c751e8b465ee728b)
Start importing Assets/Prefab/Import/Office TypeWritter.fbx using Guid(f78dc69b6bcad444bbbd2de3fc996c65) Importer(815301076,1909f56bfc062723c751e8b465ee728b)  -> (artifact id: '1b68bf1d3b3d1780822fdb6d93713767') in 0.006093 seconds 
  Import took 0.013384 seconds .

========================================================================
Received Import Request.
  Time since last request: 0.000440 seconds.
  path: Assets/Prefab/Import/tv.fbx
  artifactKey: Guid(3e61d5402847e7c49aef210bb40d8b01) Importer(815301076,1909f56bfc062723c751e8b465ee728b)
Start importing Assets/Prefab/Import/tv.fbx using Guid(3e61d5402847e7c49aef210bb40d8b01) Importer(815301076,1909f56bfc062723c751e8b465ee728b)  -> (artifact id: '8e34bcf156a112feacdb0ea9a4cb57a2') in 0.007497 seconds 
  Import took 0.014483 seconds .

========================================================================
Received Import Request.
  Time since last request: 0.000313 seconds.
  path: Assets/Prefab/Import/Lamp.fbx
  artifactKey: Guid(f42bb936c8e98e440ae21374cb282b04) Importer(815301076,1909f56bfc062723c751e8b465ee728b)
Start importing Assets/Prefab/Import/Lamp.fbx using Guid(f42bb936c8e98e440ae21374cb282b04) Importer(815301076,1909f56bfc062723c751e8b465ee728b)  -> (artifact id: '050edd87dda7907e4cbead166b989752') in 0.004316 seconds 
  Import took 0.008632 seconds .

========================================================================
Received Import Request.
  Time since last request: 0.000344 seconds.
  path: Assets/Prefab/Import/Old Musical.fbx
  artifactKey: Guid(6eb87cb8af2e44a448edcddc4037c7af) Importer(815301076,1909f56bfc062723c751e8b465ee728b)
Start importing Assets/Prefab/Import/Old Musical.fbx using Guid(6eb87cb8af2e44a448edcddc4037c7af) Importer(815301076,1909f56bfc062723c751e8b465ee728b)  -> (artifact id: '12a97ad1b1de35d11b0dd01ff507168a') in 0.008690 seconds 
  Import took 0.015613 seconds .

========================================================================
Received Import Request.
  Time since last request: 0.000287 seconds.
  path: Assets/Prefab/Import/Chair With Camera.obj
  artifactKey: Guid(05c36d6f01f1f7642b91aaaf4910577e) Importer(815301076,1909f56bfc062723c751e8b465ee728b)
Start importing Assets/Prefab/Import/Chair With Camera.obj using Guid(05c36d6f01f1f7642b91aaaf4910577e) Importer(815301076,1909f56bfc062723c751e8b465ee728b)  -> (artifact id: '546367888392050951f470195e7b6029') in 0.006734 seconds 
  Import took 0.011002 seconds .

========================================================================
Received Import Request.
  Time since last request: 0.000226 seconds.
  path: Assets/Prefab/Import/Drawer.fbx
  artifactKey: Guid(7bda1ff5ce5139248a2c0294342b7ce9) Importer(815301076,1909f56bfc062723c751e8b465ee728b)
Start importing Assets/Prefab/Import/Drawer.fbx using Guid(7bda1ff5ce5139248a2c0294342b7ce9) Importer(815301076,1909f56bfc062723c751e8b465ee728b)  -> (artifact id: 'e83e0683563fe380c078c3ff6b5bcc32') in 0.006847 seconds 
  Import took 0.014162 seconds .

========================================================================
Received Import Request.
  Time since last request: 0.000568 seconds.
  path: Assets/Prefab/Import/Table.fbx
  artifactKey: Guid(648780bef51453e43bbe8726950a0db3) Importer(815301076,1909f56bfc062723c751e8b465ee728b)
Start importing Assets/Prefab/Import/Table.fbx using Guid(648780bef51453e43bbe8726950a0db3) Importer(815301076,1909f56bfc062723c751e8b465ee728b)  -> (artifact id: '42f83ff2367c51e0885c6740f9762738') in 0.003867 seconds 
  Import took 0.011720 seconds .

========================================================================
Received Import Request.
  Time since last request: 0.000479 seconds.
  path: Assets/Prefab/Import/Tv stand furniture.fbx
  artifactKey: Guid(dc6c32ade13b0a845979212dd00e79bc) Importer(815301076,1909f56bfc062723c751e8b465ee728b)
Start importing Assets/Prefab/Import/Tv stand furniture.fbx using Guid(dc6c32ade13b0a845979212dd00e79bc) Importer(815301076,1909f56bfc062723c751e8b465ee728b)  -> (artifact id: 'b7fec82feedfd8a2a23ec98e1cca08c6') in 0.003979 seconds 
  Import took 0.008590 seconds .

========================================================================
Received Import Request.
  Time since last request: 0.000282 seconds.
  path: Assets/Prefab/Import/Office Bunch of Papers.fbx
  artifactKey: Guid(3dedfdd713ffed04fa5dfac60eccc583) Importer(815301076,1909f56bfc062723c751e8b465ee728b)
Start importing Assets/Prefab/Import/Office Bunch of Papers.fbx using Guid(3dedfdd713ffed04fa5dfac60eccc583) Importer(815301076,1909f56bfc062723c751e8b465ee728b)  -> (artifact id: 'e564ca29a5b259a8324e0ef666b109e5') in 0.008650 seconds 
  Import took 0.016288 seconds .

========================================================================
Received Import Request.
  Time since last request: 0.000334 seconds.
  path: Assets/Prefab/Import/Office Clock.fbx
  artifactKey: Guid(ef3954b0cefbc8d4fba330a7d3913391) Importer(815301076,1909f56bfc062723c751e8b465ee728b)
Start importing Assets/Prefab/Import/Office Clock.fbx using Guid(ef3954b0cefbc8d4fba330a7d3913391) Importer(815301076,1909f56bfc062723c751e8b465ee728b)  -> (artifact id: 'c4c97f42d51f0177dc73678df53d9582') in 0.004436 seconds 
  Import took 0.008879 seconds .

========================================================================
Received Import Request.
  Time since last request: 0.000425 seconds.
  path: Assets/Prefab/Import/Livingroom-table.fbx
  artifactKey: Guid(5d3b29827b5d68f46ad5bc7bd88ab27e) Importer(815301076,1909f56bfc062723c751e8b465ee728b)
Start importing Assets/Prefab/Import/Livingroom-table.fbx using Guid(5d3b29827b5d68f46ad5bc7bd88ab27e) Importer(815301076,1909f56bfc062723c751e8b465ee728b)  -> (artifact id: 'da5b2823784d64eec0242b7856021d4a') in 0.003920 seconds 
  Import took 0.008316 seconds .

========================================================================
Received Import Request.
  Time since last request: 0.000339 seconds.
  path: Assets/Prefab
  artifactKey: Guid(7c8d2695c461e5b45aee67f14aad5474) Importer(815301076,1909f56bfc062723c751e8b465ee728b)
Start importing Assets/Prefab using Guid(7c8d2695c461e5b45aee67f14aad5474) Importer(815301076,1909f56bfc062723c751e8b465ee728b)  -> (artifact id: 'd82bdcd8e6a0584bc5f36e72ac7dad64') in 0.007748 seconds 
  Import took 0.015761 seconds .

========================================================================
Received Import Request.
  Time since last request: 0.000260 seconds.
  path: Assets/Prefab/Import/Office Paper Cabnet.fbx
  artifactKey: Guid(908a030c7ee4a9c4eb66a63c92e10de8) Importer(815301076,1909f56bfc062723c751e8b465ee728b)
Start importing Assets/Prefab/Import/Office Paper Cabnet.fbx using Guid(908a030c7ee4a9c4eb66a63c92e10de8) Importer(815301076,1909f56bfc062723c751e8b465ee728b)  -> (artifact id: '98be05f94ce4b0a7964236fd8619722e') in 0.005048 seconds 
  Import took 0.009352 seconds .

========================================================================
Received Import Request.
  Time since last request: 0.000357 seconds.
  path: Assets/Prefab/Import/Office Plant.fbx
  artifactKey: Guid(e7b03f286ea1cb84eb50d8b5040eacb2) Importer(815301076,1909f56bfc062723c751e8b465ee728b)
Start importing Assets/Prefab/Import/Office Plant.fbx using Guid(e7b03f286ea1cb84eb50d8b5040eacb2) Importer(815301076,1909f56bfc062723c751e8b465ee728b)  -> (artifact id: '867e74f3ac6c044c9485b6b5872718c5') in 0.003617 seconds 
  Import took 0.009743 seconds .

========================================================================
Received Import Request.
  Time since last request: 0.000962 seconds.
  path: Assets/Prefab/Import/Old Chair.fbx
  artifactKey: Guid(9314f0a15906d1441bf1a8089e825f03) Importer(815301076,1909f56bfc062723c751e8b465ee728b)
Start importing Assets/Prefab/Import/Old Chair.fbx using Guid(9314f0a15906d1441bf1a8089e825f03) Importer(815301076,1909f56bfc062723c751e8b465ee728b)  -> (artifact id: '3eeebfda540d865536a016fcddc09167') in 0.006248 seconds 
  Import took 0.013956 seconds .

========================================================================
Received Import Request.
  Time since last request: 0.000339 seconds.
  path: Assets/Prefab/Import/Pill.fbx
  artifactKey: Guid(d07b1afb1f13a9a4eb554db459bcdfaa) Importer(815301076,1909f56bfc062723c751e8b465ee728b)
Start importing Assets/Prefab/Import/Pill.fbx using Guid(d07b1afb1f13a9a4eb554db459bcdfaa) Importer(815301076,1909f56bfc062723c751e8b465ee728b)  -> (artifact id: '67eef6868e047d1f0f13ce997c27510b') in 0.003885 seconds 
  Import took 0.011564 seconds .

========================================================================
Received Import Request.
  Time since last request: 0.000264 seconds.
  path: Assets/Prefab/Import/Drawer2.fbx
  artifactKey: Guid(f84dd47875789fc468fa370e232ff406) Importer(815301076,1909f56bfc062723c751e8b465ee728b)
Start importing Assets/Prefab/Import/Drawer2.fbx using Guid(f84dd47875789fc468fa370e232ff406) Importer(815301076,1909f56bfc062723c751e8b465ee728b)  -> (artifact id: 'f9dc189ce30fc7caff9b94aef34b33f6') in 0.009842 seconds 
  Import took 0.017035 seconds .

========================================================================
Received Import Request.
  Time since last request: 0.000319 seconds.
  path: Assets/Prefab/Import/Babycot.fbx
  artifactKey: Guid(890ad2309976d6b4397a812cc5f35e61) Importer(815301076,1909f56bfc062723c751e8b465ee728b)
Start importing Assets/Prefab/Import/Babycot.fbx using Guid(890ad2309976d6b4397a812cc5f35e61) Importer(815301076,1909f56bfc062723c751e8b465ee728b)  -> (artifact id: 'b7367206aba72d03023584b665d62bdb') in 0.006679 seconds 
  Import took 0.011164 seconds .

========================================================================
Received Import Request.
  Time since last request: 0.000332 seconds.
  path: Assets/Prefab/Import/Office Single Paper.fbx
  artifactKey: Guid(4a80d6d850b7ed743b425dccc4c9e472) Importer(815301076,1909f56bfc062723c751e8b465ee728b)
Start importing Assets/Prefab/Import/Office Single Paper.fbx using Guid(4a80d6d850b7ed743b425dccc4c9e472) Importer(815301076,1909f56bfc062723c751e8b465ee728b)  -> (artifact id: '776ad3f7f892df9fa3d1dc375cf3b6e5') in 0.003727 seconds 
  Import took 0.011779 seconds .

========================================================================
Received Import Request.
  Time since last request: 0.000495 seconds.
  path: Assets/Prefab/Import/oldCouch.fbx
  artifactKey: Guid(d912091b17d3f9c44a566f3a2b8e2713) Importer(815301076,1909f56bfc062723c751e8b465ee728b)
Start importing Assets/Prefab/Import/oldCouch.fbx using Guid(d912091b17d3f9c44a566f3a2b8e2713) Importer(815301076,1909f56bfc062723c751e8b465ee728b)  -> (artifact id: '95e60e9b950ef338ddae05d788899998') in 0.017831 seconds 
  Import took 0.025009 seconds .

========================================================================
Received Import Request.
  Time since last request: 0.000198 seconds.
  path: Assets/Prefab/Import/Coffee Machine.fbx
  artifactKey: Guid(52dc747730bf43345b44aa3c996d9629) Importer(815301076,1909f56bfc062723c751e8b465ee728b)
Start importing Assets/Prefab/Import/Coffee Machine.fbx using Guid(52dc747730bf43345b44aa3c996d9629) Importer(815301076,1909f56bfc062723c751e8b465ee728b)  -> (artifact id: '71f6c36a2a775798e887a7926376e8c9') in 0.009265 seconds 
  Import took 0.014859 seconds .

========================================================================
Received Import Request.
  Time since last request: 0.000546 seconds.
  path: Assets/Prefab/Import/Office Tape Disks.fbx
  artifactKey: Guid(4b6d28225ef19734facf35c3a0b11858) Importer(815301076,1909f56bfc062723c751e8b465ee728b)
Start importing Assets/Prefab/Import/Office Tape Disks.fbx using Guid(4b6d28225ef19734facf35c3a0b11858) Importer(815301076,1909f56bfc062723c751e8b465ee728b)  -> (artifact id: '2534a76c4d79eabac294f89be59ee3a9') in 0.004210 seconds 
  Import took 0.010893 seconds .

========================================================================
Received Import Request.
  Time since last request: 0.000282 seconds.
  path: Assets/Prefab/Import/waste-lumber.fbx
  artifactKey: Guid(0822ec881626cbb4db3ee2b20c6b03c3) Importer(815301076,1909f56bfc062723c751e8b465ee728b)
Start importing Assets/Prefab/Import/waste-lumber.fbx using Guid(0822ec881626cbb4db3ee2b20c6b03c3) Importer(815301076,1909f56bfc062723c751e8b465ee728b)  -> (artifact id: 'b16f39a58789208f30898bf6b69b1fe6') in 0.003645 seconds 
  Import took 0.008044 seconds .

========================================================================
Received Import Request.
  Time since last request: 0.000459 seconds.
  path: Assets/Prefab/Import/Office Desk Table.fbx
  artifactKey: Guid(cfca0d111c4be5e44adaeaa6f537480c) Importer(815301076,1909f56bfc062723c751e8b465ee728b)
Start importing Assets/Prefab/Import/Office Desk Table.fbx using Guid(cfca0d111c4be5e44adaeaa6f537480c) Importer(815301076,1909f56bfc062723c751e8b465ee728b)  -> (artifact id: '8dc1865c7260a65edaae718e811a5c42') in 0.006603 seconds 
  Import took 0.016183 seconds .

========================================================================
Received Import Request.
  Time since last request: 0.000622 seconds.
  path: Assets/Prefab/Import/Books.fbx
  artifactKey: Guid(c2ce3bf4f0afde543aac098f7e576aad) Importer(815301076,1909f56bfc062723c751e8b465ee728b)
Start importing Assets/Prefab/Import/Books.fbx using Guid(c2ce3bf4f0afde543aac098f7e576aad) Importer(815301076,1909f56bfc062723c751e8b465ee728b)  -> (artifact id: '8339d1043efc3a8c0ef22c3a5a693e82') in 0.006081 seconds 
  Import took 0.010054 seconds .

========================================================================
Received Import Request.
  Time since last request: 0.000263 seconds.
  path: Assets/Prefab/Import/Chair.fbx
  artifactKey: Guid(c5380f56b371b2f468a49837f4f928c9) Importer(815301076,1909f56bfc062723c751e8b465ee728b)
Start importing Assets/Prefab/Import/Chair.fbx using Guid(c5380f56b371b2f468a49837f4f928c9) Importer(815301076,1909f56bfc062723c751e8b465ee728b)  -> (artifact id: '17d8aa4e279956fe962b40090e99af53') in 0.006032 seconds 
  Import took 0.012548 seconds .

========================================================================
Received Import Request.
  Time since last request: 0.000480 seconds.
  path: Assets/Prefab/Import/Bottle.fbx
  artifactKey: Guid(140e2d773f73c9943b5303bbe97f68fa) Importer(815301076,1909f56bfc062723c751e8b465ee728b)
Start importing Assets/Prefab/Import/Bottle.fbx using Guid(140e2d773f73c9943b5303bbe97f68fa) Importer(815301076,1909f56bfc062723c751e8b465ee728b)  -> (artifact id: '7924463d3181ee261d2dfa7ae2d28915') in 0.006919 seconds 
  Import took 0.012010 seconds .

========================================================================
Received Import Request.
  Time since last request: 0.000614 seconds.
  path: Assets/Prefab/Import/Office Long Table.fbx
  artifactKey: Guid(378a2394b5801b34690425f0b838d46e) Importer(815301076,1909f56bfc062723c751e8b465ee728b)
Start importing Assets/Prefab/Import/Office Long Table.fbx using Guid(378a2394b5801b34690425f0b838d46e) Importer(815301076,1909f56bfc062723c751e8b465ee728b)  -> (artifact id: '2aa5b938cf7075aece359a898e26bda5') in 0.003253 seconds 
  Import took 0.008372 seconds .

========================================================================
Received Import Request.
  Time since last request: 0.000176 seconds.
  path: Assets/Prefab/Import/Office Papers Stand.fbx
  artifactKey: Guid(0eca4048019ac9046a8ee4e4c67bb5d7) Importer(815301076,1909f56bfc062723c751e8b465ee728b)
Start importing Assets/Prefab/Import/Office Papers Stand.fbx using Guid(0eca4048019ac9046a8ee4e4c67bb5d7) Importer(815301076,1909f56bfc062723c751e8b465ee728b)  -> (artifact id: 'a12aff6194d0a35cfbf6f4e4a5dc481c') in 0.008362 seconds 
  Import took 0.014394 seconds .

========================================================================
Received Import Request.
  Time since last request: 0.000693 seconds.
  path: Assets/Prefab/Import/Office ClipBoard.fbx
  artifactKey: Guid(1982bed13b6f049458af965271e4cba1) Importer(815301076,1909f56bfc062723c751e8b465ee728b)
Start importing Assets/Prefab/Import/Office ClipBoard.fbx using Guid(1982bed13b6f049458af965271e4cba1) Importer(815301076,1909f56bfc062723c751e8b465ee728b)  -> (artifact id: '8cab8e947faac3fedf5ea60a41680947') in 0.003479 seconds 
  Import took 0.011495 seconds .

========================================================================
Received Import Request.
  Time since last request: 0.000277 seconds.
  path: Assets/Prefab/Import/Scary Old Sofa.fbx
  artifactKey: Guid(e2554422366154c4fa2227ecb2d42539) Importer(815301076,1909f56bfc062723c751e8b465ee728b)
Start importing Assets/Prefab/Import/Scary Old Sofa.fbx using Guid(e2554422366154c4fa2227ecb2d42539) Importer(815301076,1909f56bfc062723c751e8b465ee728b)  -> (artifact id: 'd272a2401a01e056befe18d6cb7f358d') in 0.004139 seconds 
  Import took 0.008131 seconds .

========================================================================
Received Import Request.
  Time since last request: 0.000316 seconds.
  path: Assets/Prefab/Import/Antique Standing Mirror.fbx
  artifactKey: Guid(1b527ac62726bf342a6a7e38773f3903) Importer(815301076,1909f56bfc062723c751e8b465ee728b)
Start importing Assets/Prefab/Import/Antique Standing Mirror.fbx using Guid(1b527ac62726bf342a6a7e38773f3903) Importer(815301076,1909f56bfc062723c751e8b465ee728b)  -> (artifact id: 'dbeddcc10735397b82e147f301fa8347') in 0.007067 seconds 
  Import took 0.016722 seconds .

========================================================================
Received Import Request.
  Time since last request: 0.000479 seconds.
  path: Assets/Prefab/Import/Horror Scene Bed.fbx
  artifactKey: Guid(14afb1f131c5f5d4993e9bd4bda2d834) Importer(815301076,1909f56bfc062723c751e8b465ee728b)
Start importing Assets/Prefab/Import/Horror Scene Bed.fbx using Guid(14afb1f131c5f5d4993e9bd4bda2d834) Importer(815301076,1909f56bfc062723c751e8b465ee728b)  -> (artifact id: 'b441b77694e7105d92e555b0d357c0e9') in 0.005511 seconds 
  Import took 0.009341 seconds .

========================================================================
Received Import Request.
  Time since last request: 0.000240 seconds.
  path: Assets/Prefab/Import/Office Machine_2.fbx
  artifactKey: Guid(1087c62839e73cf40b6b183aaeaf15f8) Importer(815301076,1909f56bfc062723c751e8b465ee728b)
Start importing Assets/Prefab/Import/Office Machine_2.fbx using Guid(1087c62839e73cf40b6b183aaeaf15f8) Importer(815301076,1909f56bfc062723c751e8b465ee728b)  -> (artifact id: '5c75947e2cdedfcfd7084c2c47e973dc') in 0.003522 seconds 
  Import took 0.010395 seconds .

========================================================================
Received Import Request.
  Time since last request: 0.000803 seconds.
  path: Assets/Prefab/Import/Cabnets.obj
  artifactKey: Guid(1ecf7a03a3f474841a17a684e7a0fd6b) Importer(815301076,1909f56bfc062723c751e8b465ee728b)
Start importing Assets/Prefab/Import/Cabnets.obj using Guid(1ecf7a03a3f474841a17a684e7a0fd6b) Importer(815301076,1909f56bfc062723c751e8b465ee728b)  -> (artifact id: 'abb00a2e5ec04986e71496155df5f392') in 0.010867 seconds 
  Import took 0.019782 seconds .

========================================================================
Received Import Request.
  Time since last request: 0.000324 seconds.
  path: Assets/Prefab/Import/80s TV.obj
  artifactKey: Guid(a41ea27d728277548ba902a47be9a4e6) Importer(815301076,1909f56bfc062723c751e8b465ee728b)
Start importing Assets/Prefab/Import/80s TV.obj using Guid(a41ea27d728277548ba902a47be9a4e6) Importer(815301076,1909f56bfc062723c751e8b465ee728b)  -> (artifact id: '353a34b1e8770c2809239d3cb4f1d55c') in 0.003595 seconds 
  Import took 0.010534 seconds .

========================================================================
Received Import Request.
  Time since last request: 0.000873 seconds.
  path: Assets/Prefab/Import/Office Chair.fbx
  artifactKey: Guid(e1481eb7f7c229d4e9590ed2f3ee4b67) Importer(815301076,1909f56bfc062723c751e8b465ee728b)
Start importing Assets/Prefab/Import/Office Chair.fbx using Guid(e1481eb7f7c229d4e9590ed2f3ee4b67) Importer(815301076,1909f56bfc062723c751e8b465ee728b)  -> (artifact id: 'c643f7b693642c35df8e4236ee0845fd') in 0.007715 seconds 
  Import took 0.014561 seconds .

========================================================================
Received Import Request.
  Time since last request: 0.000509 seconds.
  path: Assets/Prefab/Import
  artifactKey: Guid(8e8209740e0415549b2ecbe0cd20b0b0) Importer(815301076,1909f56bfc062723c751e8b465ee728b)
Start importing Assets/Prefab/Import using Guid(8e8209740e0415549b2ecbe0cd20b0b0) Importer(815301076,1909f56bfc062723c751e8b465ee728b)  -> (artifact id: '00f9bc82974a3db4c8f9e664689854f4') in 0.003612 seconds 
  Import took 0.009854 seconds .

========================================================================
Received Import Request.
  Time since last request: 0.000260 seconds.
  path: Assets/Prefab/Import/Couch.fbx
  artifactKey: Guid(8eb81e4fc191d1d498f4181f93548903) Importer(815301076,1909f56bfc062723c751e8b465ee728b)
Start importing Assets/Prefab/Import/Couch.fbx using Guid(8eb81e4fc191d1d498f4181f93548903) Importer(815301076,1909f56bfc062723c751e8b465ee728b)  -> (artifact id: 'd9ee68210728669e29ec3ddd03c061c1') in 0.009978 seconds 
  Import took 0.017194 seconds .

========================================================================
Received Import Request.
  Time since last request: 0.000869 seconds.
  path: Assets/Prefab/Import/Key.fbx
  artifactKey: Guid(1118af3d10cfe2840a122bfefe01457b) Importer(815301076,1909f56bfc062723c751e8b465ee728b)
Start importing Assets/Prefab/Import/Key.fbx using Guid(1118af3d10cfe2840a122bfefe01457b) Importer(815301076,1909f56bfc062723c751e8b465ee728b)  -> (artifact id: '6b0a7f8d1256dcf9dc31a3b25a721fa8') in 0.006831 seconds 
  Import took 0.016935 seconds .

========================================================================
Received Import Request.
  Time since last request: 0.000231 seconds.
  path: Assets/Prefab/Import/Office Pen and Stand.fbx
  artifactKey: Guid(9a6fa66d032de3a49a1326a4f491eae8) Importer(815301076,1909f56bfc062723c751e8b465ee728b)
Start importing Assets/Prefab/Import/Office Pen and Stand.fbx using Guid(9a6fa66d032de3a49a1326a4f491eae8) Importer(815301076,1909f56bfc062723c751e8b465ee728b)  -> (artifact id: 'f9f7f6bbb6a70be73bdbdc0f64ca8a9f') in 0.006020 seconds 
  Import took 0.012802 seconds .

========================================================================
Received Import Request.
  Time since last request: 0.000548 seconds.
  path: Assets/Prefab/Import/Kitchen.fbx
  artifactKey: Guid(1fea4c7c50f25c943aa6dd0fbc78e8d2) Importer(815301076,1909f56bfc062723c751e8b465ee728b)
Start importing Assets/Prefab/Import/Kitchen.fbx using Guid(1fea4c7c50f25c943aa6dd0fbc78e8d2) Importer(815301076,1909f56bfc062723c751e8b465ee728b)  -> (artifact id: 'e3fe1a79db32e7b8d279a40de426edb1') in 0.004338 seconds 
  Import took 0.012756 seconds .

========================================================================
Received Import Request.
  Time since last request: 0.000342 seconds.
  path: Assets/Prefab/Import/Toilet.fbx
  artifactKey: Guid(58621a9dfcb9b9642ae0c79e62ef673f) Importer(815301076,1909f56bfc062723c751e8b465ee728b)
Start importing Assets/Prefab/Import/Toilet.fbx using Guid(58621a9dfcb9b9642ae0c79e62ef673f) Importer(815301076,1909f56bfc062723c751e8b465ee728b)  -> (artifact id: '85f64748f610e0c7cb0420750d96ddc1') in 0.003507 seconds 
  Import took 0.007631 seconds .

========================================================================
Received Import Request.
  Time since last request: 0.000280 seconds.
  path: Assets/Prefab/Import/Gun.fbx
  artifactKey: Guid(b6c9fe9f8e9349046970d3acf1ba8bed) Importer(815301076,1909f56bfc062723c751e8b465ee728b)
Start importing Assets/Prefab/Import/Gun.fbx using Guid(b6c9fe9f8e9349046970d3acf1ba8bed) Importer(815301076,1909f56bfc062723c751e8b465ee728b)  -> (artifact id: 'a50891cb85175b4edece0af77eb1f845') in 0.006438 seconds 
  Import took 0.016428 seconds .

========================================================================
Received Import Request.
  Time since last request: 0.000429 seconds.
  path: Assets/Prefab/Import/Horror Swing.fbx
  artifactKey: Guid(5ed469f1e89a28a458bcaaf6b3fe0f0c) Importer(815301076,1909f56bfc062723c751e8b465ee728b)
Start importing Assets/Prefab/Import/Horror Swing.fbx using Guid(5ed469f1e89a28a458bcaaf6b3fe0f0c) Importer(815301076,1909f56bfc062723c751e8b465ee728b)  -> (artifact id: '103587fb6d972cfd7a3d09379d473559') in 0.005258 seconds 
  Import took 0.010115 seconds .

========================================================================
Received Import Request.
  Time since last request: 0.000274 seconds.
  path: Assets/Prefab/Import/Bath.fbx
  artifactKey: Guid(99f0b231ae32fda42bb0fba0c12c3373) Importer(815301076,1909f56bfc062723c751e8b465ee728b)
Start importing Assets/Prefab/Import/Bath.fbx using Guid(99f0b231ae32fda42bb0fba0c12c3373) Importer(815301076,1909f56bfc062723c751e8b465ee728b)  -> (artifact id: '0671b75be084dacb1c7b0ef26e516054') in 0.015140 seconds 
  Import took 0.021353 seconds .

========================================================================
Received Import Request.
  Time since last request: 0.000597 seconds.
  path: Assets/Prefab/Import/chairscene.fbx
  artifactKey: Guid(d8afc36fef0d3444aaac09fd8edac15d) Importer(815301076,1909f56bfc062723c751e8b465ee728b)
Start importing Assets/Prefab/Import/chairscene.fbx using Guid(d8afc36fef0d3444aaac09fd8edac15d) Importer(815301076,1909f56bfc062723c751e8b465ee728b)  -> (artifact id: '63ce0d0fc618d876fe6525dc8a42ebb4') in 0.005822 seconds 
  Import took 0.010894 seconds .

========================================================================
Received Import Request.
  Time since last request: 0.000340 seconds.
  path: Assets/Prefab/Import/Lamp2.fbx
  artifactKey: Guid(14c3a5f57142af84bbaaabd797a4aebb) Importer(815301076,1909f56bfc062723c751e8b465ee728b)
Start importing Assets/Prefab/Import/Lamp2.fbx using Guid(14c3a5f57142af84bbaaabd797a4aebb) Importer(815301076,1909f56bfc062723c751e8b465ee728b)  -> (artifact id: '11c83884b33dfceb497c91ebbcc5a806') in 0.024202 seconds 
  Import took 0.029608 seconds .

========================================================================
Received Import Request.
  Time since last request: 0.000303 seconds.
  path: Assets/Prefab/Import/tools_3_low.fbx
  artifactKey: Guid(1c1d74063a8176f4091c7117255e5a14) Importer(815301076,1909f56bfc062723c751e8b465ee728b)
Start importing Assets/Prefab/Import/tools_3_low.fbx using Guid(1c1d74063a8176f4091c7117255e5a14) Importer(815301076,1909f56bfc062723c751e8b465ee728b)  -> (artifact id: '780f11b4f1f3777cfe9c4b58d690f788') in 0.003446 seconds 
  Import took 0.007384 seconds .

========================================================================
Received Import Request.
  Time since last request: 0.000230 seconds.
  path: Assets/Prefab/Import/low tools hammer.fbx
  artifactKey: Guid(b40ec7650eeb6244d8cecc31165b462e) Importer(815301076,1909f56bfc062723c751e8b465ee728b)
Start importing Assets/Prefab/Import/low tools hammer.fbx using Guid(b40ec7650eeb6244d8cecc31165b462e) Importer(815301076,1909f56bfc062723c751e8b465ee728b)  -> (artifact id: '7f2b5347060efc09a1f99da390656280') in 0.006623 seconds 
  Import took 0.017247 seconds .

========================================================================
Received Import Request.
  Time since last request: 0.000347 seconds.
  path: Assets/Prefab/Import/wheelchair_LP.fbx
  artifactKey: Guid(bfed39dd425c92e4ca83dc309b52a689) Importer(815301076,1909f56bfc062723c751e8b465ee728b)
Start importing Assets/Prefab/Import/wheelchair_LP.fbx using Guid(bfed39dd425c92e4ca83dc309b52a689) Importer(815301076,1909f56bfc062723c751e8b465ee728b)  -> (artifact id: '5c9fe0aa0d94cd1b5313fe899e71cc8a') in 0.005989 seconds 
  Import took 0.010033 seconds .

========================================================================
Received Import Request.
  Time since last request: 0.000244 seconds.
  path: Assets/Prefab/Import/Wood Str.fbx
  artifactKey: Guid(bfb2fdf5ba29c444f9e46e30be5db176) Importer(815301076,1909f56bfc062723c751e8b465ee728b)
Start importing Assets/Prefab/Import/Wood Str.fbx using Guid(bfb2fdf5ba29c444f9e46e30be5db176) Importer(815301076,1909f56bfc062723c751e8b465ee728b)  -> (artifact id: 'b2bc2d56b1b4e3781169d924af5f6913') in 0.003836 seconds 
  Import took 0.012279 seconds .

========================================================================
Received Import Request.
  Time since last request: 0.000468 seconds.
  path: Assets/Prefab/Character.prefab
  artifactKey: Guid(4a7598d601f4496468d0c90fd708450d) Importer(815301076,1909f56bfc062723c751e8b465ee728b)
Start importing Assets/Prefab/Character.prefab using Guid(4a7598d601f4496468d0c90fd708450d) Importer(815301076,1909f56bfc062723c751e8b465ee728b)  -> (artifact id: '723d4e19199503e93356b64f7c62c725') in 0.203973 seconds 
  Import took 0.209702 seconds .

========================================================================
Received Import Request.
  Time since last request: 0.000430 seconds.
  path: Assets/Prefab/Import/Kitchenknife.fbx
  artifactKey: Guid(1ea619bdb8cce4d428717aa206a6f45a) Importer(815301076,1909f56bfc062723c751e8b465ee728b)
Start importing Assets/Prefab/Import/Kitchenknife.fbx using Guid(1ea619bdb8cce4d428717aa206a6f45a) Importer(815301076,1909f56bfc062723c751e8b465ee728b)  -> (artifact id: 'b3a3bc42f71d6ea0569f9d2c1810ae54') in 0.004707 seconds 
  Import took 0.009614 seconds .

========================================================================
Received Import Request.
  Time since last request: 0.000301 seconds.
  path: Assets/Prefab/Import/Glass.fbx
  artifactKey: Guid(cb29b6e5a8bbb4549abbb37c83fb3011) Importer(815301076,1909f56bfc062723c751e8b465ee728b)
Start importing Assets/Prefab/Import/Glass.fbx using Guid(cb29b6e5a8bbb4549abbb37c83fb3011) Importer(815301076,1909f56bfc062723c751e8b465ee728b)  -> (artifact id: 'e69ae548331d12474609fea7d3197a7a') in 0.013732 seconds 
  Import took 0.023568 seconds .

========================================================================
Received Import Request.
  Time since last request: 0.000276 seconds.
  path: Assets/Prefab/Import/Office Reciept.fbx
  artifactKey: Guid(4a7f41131a3a71449aefb7321a6aa4b7) Importer(815301076,1909f56bfc062723c751e8b465ee728b)
Start importing Assets/Prefab/Import/Office Reciept.fbx using Guid(4a7f41131a3a71449aefb7321a6aa4b7) Importer(815301076,1909f56bfc062723c751e8b465ee728b)  -> (artifact id: '29db803116e6a2eef9a39d5b5333c357') in 0.011919 seconds 
  Import took 0.022037 seconds .

========================================================================
Received Import Request.
  Time since last request: 0.000736 seconds.
  path: Assets/Prefab/Import/Office Chair Small.fbx
  artifactKey: Guid(901e370e715ae6e4cbe5460827ccb317) Importer(815301076,1909f56bfc062723c751e8b465ee728b)
Start importing Assets/Prefab/Import/Office Chair Small.fbx using Guid(901e370e715ae6e4cbe5460827ccb317) Importer(815301076,1909f56bfc062723c751e8b465ee728b)  -> (artifact id: 'c4acfddc232253775e008f9d9ff54920') in 0.007385 seconds 
  Import took 0.019335 seconds .

========================================================================
Received Import Request.
  Time since last request: 0.000575 seconds.
  path: Assets/Prefab/Import/Old Horror Lights.fbx
  artifactKey: Guid(2199c4aa183fa7e4b84ff0bf556a15c8) Importer(815301076,1909f56bfc062723c751e8b465ee728b)
Start importing Assets/Prefab/Import/Old Horror Lights.fbx using Guid(2199c4aa183fa7e4b84ff0bf556a15c8) Importer(815301076,1909f56bfc062723c751e8b465ee728b)  -> (artifact id: 'cd02385d212b0e697f03163b1759bc91') in 0.006251 seconds 
  Import took 0.016441 seconds .

========================================================================
Received Import Request.
  Time since last request: 0.000908 seconds.
  path: Assets/Prefab/Import/Door.fbx
  artifactKey: Guid(942f2376113b71449bdd14d3decae56c) Importer(815301076,1909f56bfc062723c751e8b465ee728b)
Start importing Assets/Prefab/Import/Door.fbx using Guid(942f2376113b71449bdd14d3decae56c) Importer(815301076,1909f56bfc062723c751e8b465ee728b)  -> (artifact id: 'eed668784a197a44f2da4277f0166bd5') in 0.006605 seconds 
  Import took 0.015639 seconds .

========================================================================
Received Import Request.
  Time since last request: 0.000473 seconds.
  path: Assets/Prefab/Import/Office Machine_1.fbx
  artifactKey: Guid(00891f755ce3c7e4b98d4ab925c4883e) Importer(815301076,1909f56bfc062723c751e8b465ee728b)
Start importing Assets/Prefab/Import/Office Machine_1.fbx using Guid(00891f755ce3c7e4b98d4ab925c4883e) Importer(815301076,1909f56bfc062723c751e8b465ee728b)  -> (artifact id: 'f140b04a9e95ae42a7bda6285032b26f') in 0.007209 seconds 
  Import took 0.018337 seconds .

========================================================================
Received Import Request.
  Time since last request: 0.000318 seconds.
  path: Assets/Prefab/Import/Bookshelf.fbx
  artifactKey: Guid(59f2a712dac1e4c499c1c18f5282541f) Importer(815301076,1909f56bfc062723c751e8b465ee728b)
Start importing Assets/Prefab/Import/Bookshelf.fbx using Guid(59f2a712dac1e4c499c1c18f5282541f) Importer(815301076,1909f56bfc062723c751e8b465ee728b)  -> (artifact id: '1c85b3f06f654373fad39f4a20169923') in 0.005439 seconds 
  Import took 0.015150 seconds .

AssetImportWorkerClient::OnTransportError - code=2 error=End of file
