Using pre-set license
Built from '2020.3/staging' branch; Version is '2020.3.29f1 (2ff179115da0) revision 3142009'; Using compiler version '192528614'; Build Type 'Release'
OS: 'Windows 11  (10.0.22000) 64bit Core' Language: 'es' Physical Memory: 16171 MB
BatchMode: 1, IsHumanControllingUs: 0, StartBugReporterOnCrash: 0, Is64bit: 1, IsPro: 0

COMMAND LINE ARGUMENTS:
C:\Program Files\Unity\Hub\Editor\2020.3.29f1\Editor\Unity.exe
-adb2
-batchMode
-noUpm
-name
AssetImportWorker0
-projectPath
C:/Users/helmu/HelSoloCompu/GitHub/Prototype
-logFile
Logs/AssetImportWorker0.log
-srvPort
57198
Successfully changed project path to: C:/Users/helmu/HelSoloCompu/GitHub/Prototype
C:/Users/helmu/HelSoloCompu/GitHub/Prototype
Using Asset Import Pipeline V2.
Refreshing native plugins compatible for Editor in 78.02 ms, found 2 plugins.
Preloading 0 native plugins for Editor in 0.00 ms.
Initialize engine version: 2020.3.29f1 (2ff179115da0)
[Subsystems] Discovering subsystems at path C:/Program Files/Unity/Hub/Editor/2020.3.29f1/Editor/Data/Resources/UnitySubsystems
[Subsystems] Discovering subsystems at path C:/Users/helmu/HelSoloCompu/GitHub/Prototype/Assets
GfxDevice: creating device client; threaded=0
Direct3D:
    Version:  Direct3D 11.0 [level 11.1]
    Renderer: Radeon 535 Series (ID=0x6900)
    Vendor:   
    VRAM:     2038 MB
    Driver:   27.20.15002.118
Initialize mono
Mono path[0] = 'C:/Program Files/Unity/Hub/Editor/2020.3.29f1/Editor/Data/Managed'
Mono path[1] = 'C:/Program Files/Unity/Hub/Editor/2020.3.29f1/Editor/Data/MonoBleedingEdge/lib/mono/unityjit'
Mono config path = 'C:/Program Files/Unity/Hub/Editor/2020.3.29f1/Editor/Data/MonoBleedingEdge/etc'
Using monoOptions --debugger-agent=transport=dt_socket,embedding=1,server=y,suspend=n,address=127.0.0.1:56224
Begin MonoManager ReloadAssembly
Registering precompiled unity dll's ...
Register platform support module: C:/Program Files/Unity/Hub/Editor/2020.3.29f1/Editor/Data/PlaybackEngines/WindowsStandaloneSupport/UnityEditor.WindowsStandalone.Extensions.dll
Registered in 0.002764 seconds.
Native extension for WindowsStandalone target not found
Refreshing native plugins compatible for Editor in 82.88 ms, found 2 plugins.
Preloading 0 native plugins for Editor in 0.00 ms.
Mono: successfully reloaded assembly
- Completed reload, in  1.565 seconds
Domain Reload Profiling:
	ReloadAssembly (1566ms)
		BeginReloadAssembly (119ms)
			ExecutionOrderSort (0ms)
			DisableScriptedObjects (0ms)
			BackupInstance (0ms)
			ReleaseScriptingObjects (0ms)
			CreateAndSetChildDomain (1ms)
		EndReloadAssembly (1227ms)
			LoadAssemblies (115ms)
			RebuildTransferFunctionScriptingTraits (0ms)
			SetupTypeCache (423ms)
			ReleaseScriptCaches (0ms)
			RebuildScriptCaches (82ms)
			SetupLoadedEditorAssemblies (477ms)
				LogAssemblyErrors (0ms)
				InitializePlatformSupportModulesInManaged (10ms)
				SetLoadedEditorAssemblies (0ms)
				RefreshPlugins (83ms)
				BeforeProcessingInitializeOnLoad (33ms)
				ProcessInitializeOnLoadAttributes (286ms)
				ProcessInitializeOnLoadMethodAttributes (64ms)
				AfterProcessingInitializeOnLoad (0ms)
				EditorAssembliesLoaded (0ms)
			ExecutionOrderSort2 (0ms)
			AwakeInstancesAfterBackupRestoration (0ms)
Platform modules already initialized, skipping
Registering precompiled user dll's ...
Registered in 0.008685 seconds.
Begin MonoManager ReloadAssembly
Native extension for WindowsStandalone target not found
Refreshing native plugins compatible for Editor in 0.85 ms, found 2 plugins.
Preloading 0 native plugins for Editor in 0.00 ms.
Mono: successfully reloaded assembly
- Completed reload, in  2.442 seconds
Domain Reload Profiling:
	ReloadAssembly (2443ms)
		BeginReloadAssembly (305ms)
			ExecutionOrderSort (0ms)
			DisableScriptedObjects (12ms)
			BackupInstance (0ms)
			ReleaseScriptingObjects (0ms)
			CreateAndSetChildDomain (34ms)
		EndReloadAssembly (1988ms)
			LoadAssemblies (240ms)
			RebuildTransferFunctionScriptingTraits (0ms)
			SetupTypeCache (683ms)
			ReleaseScriptCaches (1ms)
			RebuildScriptCaches (124ms)
			SetupLoadedEditorAssemblies (652ms)
				LogAssemblyErrors (0ms)
				InitializePlatformSupportModulesInManaged (11ms)
				SetLoadedEditorAssemblies (1ms)
				RefreshPlugins (1ms)
				BeforeProcessingInitializeOnLoad (165ms)
				ProcessInitializeOnLoadAttributes (437ms)
				ProcessInitializeOnLoadMethodAttributes (25ms)
				AfterProcessingInitializeOnLoad (12ms)
				EditorAssembliesLoaded (0ms)
			ExecutionOrderSort2 (0ms)
			AwakeInstancesAfterBackupRestoration (10ms)
Platform modules already initialized, skipping
========================================================================
Worker process is ready to serve import requests
Launched and connected shader compiler UnityShaderCompiler.exe after 0.06 seconds
Refreshing native plugins compatible for Editor in 0.54 ms, found 2 plugins.
Preloading 0 native plugins for Editor in 0.00 ms.
Unloading 2011 Unused Serialized files (Serialized files now loaded: 0)
System memory in use before: 107.8 MB.
System memory in use after: 107.9 MB.

Unloading 16 unused Assets to reduce memory usage. Loaded Objects now: 2464.
Total: 4.505000 ms (FindLiveObjects: 0.227600 ms CreateObjectMapping: 0.090900 ms MarkObjects: 4.013700 ms  DeleteObjects: 0.171500 ms)

AssetImportParameters requested are different than current active one (requested -> active):
  custom:framework-win-MediaFoundation: 216162199b28c13a410421893ffa2e32 -> 
  custom:video-decoder-ogg-theora: a1e56fd34408186e4bbccfd4996cb3dc -> 
  custom:container-muxer-webm: aa71ff27fc2769a1b78a27578f13a17b -> 
  custom:container-demuxer-webm: 4f35f7cbe854078d1ac9338744f61a02 -> 
  custom:container-demuxer-ogg: 62fdf1f143b41e24485cea50d1cbac27 -> 
  custom:video-encoder-webm-vp8: eb34c28f22e8b96e1ab97ce403110664 -> 
  custom:video-decoder-webm-vp8: 9c59270c3fd7afecdb556c50c9e8de78 -> 
  custom:audio-decoder-ogg-vorbis: bf7c407c2cedff20999df2af8eb42d56 -> 
  custom:audio-encoder-webm-vorbis: bf7c407c2cedff20999df2af8eb42d56 -> 
========================================================================
Received Import Request.
  path: Assets/Scenes/Test level.unity
  artifactKey: Guid(9fc0d4010bbf28b4594072e72b8655ab) Importer(815301076,1909f56bfc062723c751e8b465ee728b)
Start importing Assets/Scenes/Test level.unity using Guid(9fc0d4010bbf28b4594072e72b8655ab) Importer(815301076,1909f56bfc062723c751e8b465ee728b)  -> (artifact id: 'f56c17a14d21008c97b7724cf608f9b6') in 0.019666 seconds 
  Import took 0.024105 seconds .

========================================================================
Received Import Request.
  Time since last request: 133.435252 seconds.
  path: Assets/Scenes/ATestLevelToTryToMakeTheLevelWithJustTheInnerFaces.unity
  artifactKey: Guid(d9c46f79fa27c754abd081371f99920c) Importer(815301076,1909f56bfc062723c751e8b465ee728b)
Start importing Assets/Scenes/ATestLevelToTryToMakeTheLevelWithJustTheInnerFaces.unity using Guid(d9c46f79fa27c754abd081371f99920c) Importer(815301076,1909f56bfc062723c751e8b465ee728b)  -> (artifact id: 'a6afb383555531ff8ca7881ffdc3c119') in 0.004992 seconds 
  Import took 0.017293 seconds .

========================================================================
Received Import Request.
  Time since last request: 422.409149 seconds.
  path: Assets/Scenes/ATestLevelToTryToMakeTheLevelWithJustTheInnerFaces.unity
  artifactKey: Guid(d9c46f79fa27c754abd081371f99920c) Importer(815301076,1909f56bfc062723c751e8b465ee728b)
Start importing Assets/Scenes/ATestLevelToTryToMakeTheLevelWithJustTheInnerFaces.unity using Guid(d9c46f79fa27c754abd081371f99920c) Importer(815301076,1909f56bfc062723c751e8b465ee728b)  -> (artifact id: '296dc18ac1470b03b88b48548fb2af21') in 0.007403 seconds 
  Import took 0.014119 seconds .

========================================================================
Received Import Request.
  Time since last request: 16.496848 seconds.
  path: Assets/Scenes/Level1 1.unity
  artifactKey: Guid(93e31f6897f570f4891327f3da1240a2) Importer(815301076,1909f56bfc062723c751e8b465ee728b)
Start importing Assets/Scenes/Level1 1.unity using Guid(93e31f6897f570f4891327f3da1240a2) Importer(815301076,1909f56bfc062723c751e8b465ee728b)  -> (artifact id: 'f0adb7f7e745ad724a288e9f118645ea') in 0.004744 seconds 
  Import took 0.010797 seconds .

========================================================================
Received Import Request.
  Time since last request: 6.852395 seconds.
  path: Assets/Scenes/ATestLevelToTryToMakeTheLevelWithJustTheInnerFaces.unity
  artifactKey: Guid(93e31f6897f570f4891327f3da1240a2) Importer(815301076,1909f56bfc062723c751e8b465ee728b)
Start importing Assets/Scenes/ATestLevelToTryToMakeTheLevelWithJustTheInnerFaces.unity using Guid(93e31f6897f570f4891327f3da1240a2) Importer(815301076,1909f56bfc062723c751e8b465ee728b)  -> (artifact id: 'fe112c3645718772b63a0663bc836293') in 0.006449 seconds 
  Import took 0.015185 seconds .

========================================================================
Received Import Request.
  Time since last request: 62.957377 seconds.
  path: Assets/Scenes/Level1 1.unity
  artifactKey: Guid(a0ad537d7933c9846892f9dd84082499) Importer(815301076,1909f56bfc062723c751e8b465ee728b)
Start importing Assets/Scenes/Level1 1.unity using Guid(a0ad537d7933c9846892f9dd84082499) Importer(815301076,1909f56bfc062723c751e8b465ee728b)  -> (artifact id: 'c39388caf3ed3a859b477ec19a2e27e5') in 0.004368 seconds 
  Import took 0.014432 seconds .

========================================================================
Received Import Request.
  Time since last request: 9.526640 seconds.
  path: Assets/Scenes/ATestLevelToTryToMakeTheLevelWithJustTheInnerFaces.unity
  artifactKey: Guid(a0ad537d7933c9846892f9dd84082499) Importer(815301076,1909f56bfc062723c751e8b465ee728b)
Start importing Assets/Scenes/ATestLevelToTryToMakeTheLevelWithJustTheInnerFaces.unity using Guid(a0ad537d7933c9846892f9dd84082499) Importer(815301076,1909f56bfc062723c751e8b465ee728b)  -> (artifact id: '95583b93f44574166979fe3f944e35f5') in 0.005388 seconds 
  Import took 0.011710 seconds .

========================================================================
Received Import Request.
  Time since last request: 11.907737 seconds.
  path: Assets/Scenes/Level1 1.unity
  artifactKey: Guid(6f6b9bab12a47044b936f604d6ad0d34) Importer(815301076,1909f56bfc062723c751e8b465ee728b)
Start importing Assets/Scenes/Level1 1.unity using Guid(6f6b9bab12a47044b936f604d6ad0d34) Importer(815301076,1909f56bfc062723c751e8b465ee728b)  -> (artifact id: '40a91acf9deb81af70fe2dd555cd01df') in 0.005436 seconds 
  Import took 0.012835 seconds .

========================================================================
Received Import Request.
  Time since last request: 19.916726 seconds.
  path: Assets/Scenes/ATestLevelToTryToMakeTheLevelWithJustTheInnerFaces.unity
  artifactKey: Guid(6f6b9bab12a47044b936f604d6ad0d34) Importer(815301076,1909f56bfc062723c751e8b465ee728b)
Start importing Assets/Scenes/ATestLevelToTryToMakeTheLevelWithJustTheInnerFaces.unity using Guid(6f6b9bab12a47044b936f604d6ad0d34) Importer(815301076,1909f56bfc062723c751e8b465ee728b)  -> (artifact id: 'efa31a0555c863a79cb12dc7f39d2651') in 0.009452 seconds 
  Import took 0.020939 seconds .

========================================================================
Received Import Request.
  Time since last request: 118.578090 seconds.
  path: Assets/Scenes/ATestLevelToTryToMakeTheLevelWithJustTheInnerFaces.unity
  artifactKey: Guid(6f6b9bab12a47044b936f604d6ad0d34) Importer(815301076,1909f56bfc062723c751e8b465ee728b)
Start importing Assets/Scenes/ATestLevelToTryToMakeTheLevelWithJustTheInnerFaces.unity using Guid(6f6b9bab12a47044b936f604d6ad0d34) Importer(815301076,1909f56bfc062723c751e8b465ee728b)  -> (artifact id: 'a6803c8b2fa468ea7e8b30b964726b86') in 0.004644 seconds 
  Import took 0.010560 seconds .

========================================================================
Received Import Request.
  Time since last request: 20.236527 seconds.
  path: Assets/Scenes/ATestLevelToTryToMakeTheLevelWithJustTheInnerFaces.unity
  artifactKey: Guid(6f6b9bab12a47044b936f604d6ad0d34) Importer(815301076,1909f56bfc062723c751e8b465ee728b)
Start importing Assets/Scenes/ATestLevelToTryToMakeTheLevelWithJustTheInnerFaces.unity using Guid(6f6b9bab12a47044b936f604d6ad0d34) Importer(815301076,1909f56bfc062723c751e8b465ee728b)  -> (artifact id: '0da95a712ccc5c1170c1c105295245ef') in 0.005477 seconds 
  Import took 0.012957 seconds .

========================================================================
Received Import Request.
  Time since last request: 29.828281 seconds.
  path: Assets/Scenes/Level1 1.unity
  artifactKey: Guid(e7075b40d5ddc534190b6bbb226335ac) Importer(815301076,1909f56bfc062723c751e8b465ee728b)
Start importing Assets/Scenes/Level1 1.unity using Guid(e7075b40d5ddc534190b6bbb226335ac) Importer(815301076,1909f56bfc062723c751e8b465ee728b)  -> (artifact id: '0fa940208f2be3776e63f104d2a30a93') in 0.003864 seconds 
  Import took 0.010260 seconds .

========================================================================
Received Import Request.
  Time since last request: 4.290424 seconds.
  path: Assets/Scenes/Level1 copy.unity
  artifactKey: Guid(e7075b40d5ddc534190b6bbb226335ac) Importer(815301076,1909f56bfc062723c751e8b465ee728b)
Start importing Assets/Scenes/Level1 copy.unity using Guid(e7075b40d5ddc534190b6bbb226335ac) Importer(815301076,1909f56bfc062723c751e8b465ee728b)  -> (artifact id: '88a73d3a1d6071aa1804f67dca5427bb') in 0.006300 seconds 
  Import took 0.012804 seconds .

AssetImportWorkerClient::OnTransportError - code=2 error=End of file
